make all --print-data-base --no-builtin-variables --no-builtin-rules --question
# GNU Make 4.3
# Built for x86_64-unknown-linux-gnu
# Copyright (C) 1988-2020 Free Software Foundation, Inc.
# License GPLv3+: GNU GPL version 3 or later <http://gnu.org/licenses/gpl.html>
# This is free software: you are free to change and redistribute it.
# There is NO WARRANTY, to the extent permitted by law.

# Make data base, printed on Sun Nov 20 12:25:33 2022

# Variables

# environment
GDK_BACKEND = x11
# environment
LC_ALL = C
# environment
GNOME_SHELL_SESSION_MODE = pop
# environment
SSH_AGENT_LAUNCHER = gnome-keyring
# makefile (from 'Makefile', line 42)
OBJECTX = $(SOURCEX:$(SRC_DIR)/%.cpp=$(OBJ_DIR)/%.o)
# environment
PULSE_SERVER = unix:/run/flatpak/pulse/native
# environment
GJS_DEBUG_OUTPUT = stderr
# environment
VSCODE_IPC_HOOK_EXTHOST = /run/user/1000/vscode-ipc-d04a9d15-8e90-489b-88db-a741e762d554.sock
# environment
MANDATORY_PATH = /usr/share/gconf/pop.mandatory.path
# environment
SBX_CHROME_API_RQ = 1
# makefile (from 'Makefile', line 23)
SRC_DIR = src
# makefile (from 'Makefile', line 38)
INPUTFC = $(strip $(HEADERC) $(SOURCEC))
# environment
VSCODE_CWD = /home/josephvalverde
# environment
WINDOWPATH = 2
# makefile (from 'Makefile', line 13)
LIBS = 
# default
MAKE_COMMAND := make
# environment
QT_ACCESSIBILITY = 1
# makefile (from 'Makefile', line 15)
LINTC = $(LINTF),-readability/casting
# automatic
@D = $(patsubst %/,%,$(dir $@))
# makefile (from 'Makefile', line 21)
OBJ_DIR = build
# makefile (from 'Makefile', line 6)
DEFS = 
# makefile (from 'Makefile', line 44)
TESTINF = $(wildcard $(TST_DIR)/input*.txt)
# environment
VSCODE_HANDLES_UNCAUGHT_ERRORS = true
# default
.VARIABLES := 
# environment
PWD = /home/josephvalverde/proy2_simulacion_de_transferencia_de_calor_concurrente
# environment
ZYPAK_ZYGOTE_STRATEGY_SPAWN = 1
# automatic
%D = $(patsubst %/,%,$(dir $%))
# environment
GI_TYPELIB_PATH = /app/lib/girepository-1.0
# environment
XDG_DATA_DIRS = /app/share:/usr/share:/usr/share/runtime/share:/run/host/user-share:/run/host/share
# makefile (from 'Makefile', line 9)
FLAG = 
# automatic
^D = $(patsubst %/,%,$(dir $^))
# environment
VSCODE_LOG_STACK = false
# automatic
%F = $(notdir $%)
# environment
VSCODE_CODE_CACHE_PATH = /home/josephvalverde/.var/app/com.visualstudio.code/config/Code/CachedData/57fd6d0195bb9b9d1b49f6da5db789060795de47
# environment
LANG = C
# environment
XAUTHORITY = /run/flatpak/Xauthority
# default
.LOADED := 
# default
.INCLUDE_DIRS = /usr/include /usr/include
# environment
ALSA_CONFIG_DIR = /usr/share/alsa
# makefile
MAKEFLAGS = pqrR
# environment
ZYPAK_SPAWN_LATEST_ON_REEXEC = 0
# makefile (from 'Makefile', line 14)
LINTF = -build/header_guard,-build/include_subdir
# makefile
CURDIR := /home/josephvalverde/proy2_simulacion_de_transferencia_de_calor_concurrente
# makefile (from 'Makefile', line 47)
DEPENDS = $(OBJECTS:%.o=%.d)
# environment
VSCODE_PIPE_LOGGING = true
# environment
APPLICATION_INSIGHTS_NO_DIAGNOSTIC_CHANNEL = 1
# automatic
*D = $(patsubst %/,%,$(dir $*))
# makefile (from 'Makefile', line 32)
DIRS = $(shell find -L $(SRC_DIR) -type d)
# environment
ZYPAK_LIB = /app/bin/../lib
# environment
MFLAGS = -pqrR
# environment
SSH_AUTH_SOCK = /run/flatpak/ssh-auth
# default
.SHELLFLAGS := -c
# environment
XDG_CONFIG_DIRS = /app/etc/xdg:/etc/xdg
# automatic
+D = $(patsubst %/,%,$(dir $+))
# environment
ALSA_CONFIG_PATH = /usr/share/alsa/alsa-flatpak.conf
# environment
XDG_SESSION_DESKTOP = pop
# makefile (from 'build/main.d', line 1)
MAKEFILE_LIST := Makefile build/TermalTransferSimulation.d build/main.d
# environment
FLATPAK_SANDBOX_DIR = /home/josephvalverde/.var/app/com.visualstudio.code/sandbox
# automatic
@F = $(notdir $@)
# makefile (from 'Makefile', line 34)
HEADERC = $(wildcard $(DIRS:%=%/*.h))
# environment
VSCODE_VERBOSE_LOGGING = true
# environment
VSCODE_PID = 23
# makefile (from 'Makefile', line 5)
XC = g++
# environment
XDG_SESSION_TYPE = x11
# makefile (from 'Makefile', line 33)
APPNAME = $(shell basename $(shell pwd))
# automatic
?D = $(patsubst %/,%,$(dir $?))
# makefile (from 'Makefile', line 36)
SOURCEC = $(wildcard $(DIRS:%=%/*.c))
# environment
AT_SPI_BUS_ADDRESS = unix:path=/run/flatpak/at-spi-bus
# makefile (from 'Makefile', line 10)
FLAGS = $(strip -Wall -Wextra $(FLAG) $(DEFS))
# environment
XDG_DATA_HOME = /home/josephvalverde/.var/app/com.visualstudio.code/data
# environment
SANDBOX_LD_PRELOAD = /app/bin/../lib/libzypak-preload-host.so:/app/bin/../lib/libzypak-preload-host-spawn-strategy.so
# environment
SESSION_MANAGER = local/bobs:@/tmp/.ICE-unix/2800,unix/bobs:/tmp/.ICE-unix/2800
# automatic
*F = $(notdir $*)
# environment
CHROME_DESKTOP = code-url-handler.desktop
# makefile (from 'Makefile', line 7)
CSTD = -std=gnu11
# environment
DBUS_SESSION_BUS_ADDRESS = unix:path=/run/flatpak/bus
# makefile (from 'Makefile', line 48)
IGNORES = $(BIN_DIR) $(OBJ_DIR) $(DOC_DIR)
# automatic
<D = $(patsubst %/,%,$(dir $<))
# environment
VSCODE_NLS_CONFIG = {"locale":"en-us","availableLanguages":{},"_languagePackSupport":true}
# environment
__EGL_EXTERNAL_PLATFORM_CONFIG_DIRS = /etc/egl/egl_external_platform.d:/usr/lib/x86_64-linux-gnu/GL/egl/egl_external_platform.d:/usr/share/egl/egl_external_platform.d
# makefile (from 'Makefile', line 46)
INCLUDE = $(DIRS:%=-I%)
# default
MAKE_HOST := x86_64-unknown-linux-gnu
# environment
GNOME_DESKTOP_SESSION_ID = this-is-deprecated
# makefile
SHELL = /bin/sh
# default
MAKECMDGOALS := all
# environment
XMODIFIERS = @im=ibus
# environment
LD_LIBRARY_PATH = /app/lib
# environment
GJS_DEBUG_TOPICS = JS ERROR;JS LOG
# environment
SANDBOX_LD_LIBRARY_PATH = /app/lib
# environment
SHLVL = 0
# makefile (from 'Makefile', line 22)
DOC_DIR = doc
# makefile (from 'Makefile', line 8)
XSTD = -std=gnu++11
# makefile (from 'Makefile', line 17)
ARGS = 
# environment
MAKELEVEL := 0
# default
MAKE = $(MAKE_COMMAND)
# environment
PATH = /app/bin:/app/bin:/app/bin:/usr/bin:/home/josephvalverde/.var/app/com.visualstudio.code/data/node_modules/bin
# default
MAKEFILES := 
# makefile (from 'Makefile', line 35)
HEADERX = $(wildcard $(DIRS:%=%/*.hpp))
# automatic
^F = $(notdir $^)
# environment
DBUS_SYSTEM_BUS_ADDRESS = unix:path=/run/dbus/system_bus_socket
# makefile (from 'Makefile', line 49)
EXEFILE = $(BIN_DIR)/$(APPNAME)
# makefile (from 'Makefile', line 40)
INPUTCX = $(strip $(INPUTFC) $(INPUTFX))
# environment
XDG_CONFIG_HOME = /home/josephvalverde/.var/app/com.visualstudio.code/config
# environment
INVOCATION_ID = 5de9ac2dcf2c47a8ab760dfa4c8f76de
# environment
VSCODE_LOG_NATIVE = false
# environment
USERNAME = josephvalverde
# automatic
?F = $(notdir $?)
# environment
GTK_IM_MODULE = ibus
# environment
XDG_CURRENT_DESKTOP = Unity
# automatic
+F = $(notdir $+)
# environment
DESKTOP_SESSION = pop
# environment
GST_PLUGIN_SYSTEM_PATH = /app/lib/gstreamer-1.0:/usr/lib/extensions/gstreamer-1.0:/usr/lib/x86_64-linux-gnu/gstreamer-1.0
# environment
ORIGINAL_XDG_CURRENT_DESKTOP = pop:GNOME
# makefile (from 'Makefile', line 43)
OBJECTS = $(strip $(OBJECTC) $(OBJECTX))
# 'override' directive
GNUMAKEFLAGS := 
# environment
LOGNAME = josephvalverde
# environment
container = flatpak
# environment
GIO_LAUNCHED_DESKTOP_FILE = /home/josephvalverde/.local/share/flatpak/exports/share/applications/com.visualstudio.code.desktop
# makefile
.DEFAULT_GOAL := default
# environment
SYSTEMD_EXEC_PID = 2819
# environment
NPM_CONFIG_GLOBALCONFIG = /app/etc/npmrc
# environment
GTK_MODULES = gail:atk-bridge:appmenu-gtk-module
# environment
USER = josephvalverde
# environment
DISPLAY = :99.0
# environment
DEFAULTS_PATH = /usr/share/gconf/pop.default.path
# default
MAKE_VERSION := 4.3
# 'override' directive
.SHELLSTATUS := 0
# makefile (from 'Makefile', line 39)
INPUTFX = $(strip $(HEADERX) $(SOURCEX))
# environment
MANAGERPID = 2593
# environment
GIO_LAUNCHED_DESKTOP_FILE_PID = 11165
# environment
_ = /usr/bin/make
# environment
XDG_RUNTIME_DIR = /run/user/1000
# environment
GPG_AGENT_INFO = /run/user/1000/gnupg/S.gpg-agent:0:1
# makefile (from 'Makefile', line 12)
FLAGX = $(FLAGS) $(XSTD)
# environment
PULSE_CLIENTCONFIG = /run/flatpak/pulse/config
# environment
JOURNAL_STREAM = 8:42349
# environment
XDG_SESSION_CLASS = user
# environment
VSCODE_AMD_ENTRYPOINT = vs/workbench/api/node/extensionHostProcess
# environment
HOME = /home/josephvalverde
# environment
QT_IM_MODULE = ibus
# makefile (from 'Makefile', line 20)
BIN_DIR = bin
# environment
ELECTRON_RUN_AS_NODE = 1
# environment
VSCODE_IPC_HOOK = /run/user/1000/vscode-bc146970-1.67.0-main.sock
# makefile (from 'Makefile', line 24)
TST_DIR = tests
 
# makefile (from 'Makefile', line 41)
OBJECTC = $(SOURCEC:$(SRC_DIR)/%.c=$(OBJ_DIR)/%.o)
# makefile (from 'Makefile', line 11)
FLAGC = $(FLAGS) $(CSTD)
# makefile (from 'Makefile', line 50)
EXEARGS = $(strip $(EXEFILE) $(ARGS))
# makefile (from 'Makefile', line 45)
TESTOUT = $(TESTINF:$(TST_DIR)/input%.txt=$(OBJ_DIR)/output%.txt)
# default
.RECIPEPREFIX := 
# automatic
<F = $(notdir $<)
# makefile (from 'Makefile', line 37)
SOURCEX = $(wildcard $(DIRS:%=%/*.cpp))
# default
SUFFIXES := 
# makefile (from 'Makefile', line 51)
LD = $(if $(SOURCEC),$(CC),$(XC))
# environment
XDG_CACHE_HOME = /home/josephvalverde/.var/app/com.visualstudio.code/cache
# environment
VSCODE_CLI = 1
# environment
ELECTRON_NO_ATTACH_CONSOLE = 1
# makefile (from 'Makefile', line 16)
LINTX = $(LINTF),-build/c++11,-runtime/references
# default
.FEATURES := target-specific order-only second-expansion else-if shortest-stem undefine oneshell nocomment grouped-target extra-prereqs archives jobserver output-sync check-symlink load
# makefile (from 'Makefile', line 4)
CC = gcc
# environment
FLATPAK_ID = com.visualstudio.code
# environment
XDG_MENU_PREFIX = gnome-
# environment
ZYPAK_BIN = /app/bin
# environment
GDMSESSION = pop
# variable set hash-table stats:
# Load=163/1024=16%, Rehash=0, Collisions=32/402=8%

# Pattern-specific Variable Values

build/output%.txt :
# makefile (from 'Makefile', line 95)
# SHELL := /bin/bash

# 1 pattern-specific variable values
# Directories

# src (device 66314, inode 2056328): 6 files, no impossibilities.
# . (device 66314, inode 2056198): 11 files, no impossibilities.
# tests: could not be stat'd.

# 17 files, no impossibilities in 3 directories.

# Implicit Rules

build/%.o: src/%.c | $(@D)/.
#  recipe to execute (from 'Makefile', line 80):
	$(CC) -c $(FLAGC) $(INCLUDE) -MMD $< -o $@

build/%.o: src/%.cpp | $(@D)/.
#  recipe to execute (from 'Makefile', line 84):
	$(XC) -c $(FLAGX) $(INCLUDE) -MMD $< -o $@

%/.:
#  recipe to execute (from 'Makefile', line 89):
	mkdir -p $(dir $@)

build/output%.txt: tests/input%.txt tests/output%.txt
#  recipe to execute (from 'Makefile', line 97):
	icdiff --no-headers $(word 2,$^) <($(EXEARGS) < $<)

# 4 implicit rules, 0 (0.0%) terminal.
# Files

helgrind: bin/proy2_simulacion_de_transferencia_de_calor_concurrente
#  Phony target (prerequisite of .PHONY).
#  Implicit rule search has not been done.
#  File does not exist.
#  File has not been updated.
#  recipe to execute (from 'Makefile', line 121):
	valgrind --quiet --tool=helgrind $(EXEARGS)

lint:
#  Phony target (prerequisite of .PHONY).
#  Implicit rule search has not been done.
#  File does not exist.
#  File has not been updated.
#  recipe to execute (from 'Makefile', line 111):
	cpplint --filter=$(LINTX) $(INPUTFX)

instdeps:
#  Phony target (prerequisite of .PHONY).
#  Implicit rule search has not been done.
#  File does not exist.
#  File has not been updated.
#  recipe to execute (from 'Makefile', line 131):
	sudo apt install build-essential clang valgrind icdiff doxygen graphviz \
	python3-pip python3-gpg && sudo pip3 install cpplint

build/TermalTransferSimulation.o: src/TermalTransferSimulation.cpp src/TermalTransferSimulation.hpp src/TermalData.hpp
#  Implicit rule search has not been done.
#  Modification time never checked.
#  File has not been updated.

# makefile (from 'Makefile', line 66)
tsan: FLAGS += -fsanitize=thread
tsan: debug
#  Implicit rule search has not been done.
#  Modification time never checked.
#  File has not been updated.
# variable set hash-table stats:
# Load=1/32=3%, Rehash=0, Collisions=0/3=0%

default: debug
#  Implicit rule search has not been done.
#  Modification time never checked.
#  File has not been updated.

# Not a target:
*.mk:
#  Implicit rule search has been done.
#  File does not exist.
#  File has been updated.
#  Failed to be updated.

.PRECIOUS: %/.
#  Implicit rule search has not been done.
#  Modification time never checked.
#  File has not been updated.

# makefile (from 'Makefile', line 62)
msan: FLAGS += -fsanitize=memory
# makefile (from 'Makefile', line 63)
msan: CC = clang
# makefile (from 'Makefile', line 64)
msan: XC = clang++
msan: debug
#  Implicit rule search has not been done.
#  Modification time never checked.
#  File has not been updated.
# variable set hash-table stats:
# Load=3/32=9%, Rehash=0, Collisions=1/5=20%

# makefile (from 'Makefile', line 56)
debug: FLAGS += -g
debug: bin/proy2_simulacion_de_transferencia_de_calor_concurrente
#  Implicit rule search has not been done.
#  Modification time never checked.
#  File has not been updated.
# variable set hash-table stats:
# Load=1/32=3%, Rehash=0, Collisions=0/3=0%

# Not a target:
Makefile:
#  Implicit rule search has been done.
#  Last modified 2022-08-22 19:28:32.473756
#  File has been updated.
#  Successfully updated.

# Not a target:
bin/.:
#  Implicit rule search has not been done.
#  Modification time never checked.
#  File has not been updated.

# Not a target:
src/main.cpp:
#  Implicit rule search has been done.
#  Last modified 2022-11-20 00:18:15.122127989
#  File has been updated.
#  Successfully updated.

clean:
#  Phony target (prerequisite of .PHONY).
#  Implicit rule search has not been done.
#  File does not exist.
#  File has not been updated.
#  recipe to execute (from 'Makefile', line 127):
	rm -rf $(IGNORES)

# Not a target:
src/TermalTransferSimulation.hpp:
#  Implicit rule search has been done.
#  Last modified 2022-11-19 23:23:41.781640096
#  File has been updated.
#  Successfully updated.

# makefile (from 'Makefile', line 68)
ubsan: FLAGS += -fsanitize=undefined
ubsan: debug
#  Implicit rule search has not been done.
#  Modification time never checked.
#  File has not been updated.
# variable set hash-table stats:
# Load=1/32=3%, Rehash=0, Collisions=0/3=0%

# Not a target:
build/TermalTransferSimulation.d:
#  Implicit rule search has been done.
#  Last modified 2022-11-20 00:31:22.340789109
#  File has been updated.
#  Successfully updated.

# Not a target:
%/.:
#  Precious file (prerequisite of .PRECIOUS).
#  Implicit rule search has not been done.
#  Modification time never checked.
#  File has not been updated.

# Not a target:
.DEFAULT:
#  Implicit rule search has not been done.
#  Modification time never checked.
#  File has not been updated.

all: doc lint memcheck helgrind test
#  Command line target.
#  Implicit rule search has been done.
#  File does not exist.
#  File has been updated.
#  Needs to be updated (-q is set).
# variable set hash-table stats:
# Load=0/32=0%, Rehash=0, Collisions=0/3=0%

doc: src/TermalData.hpp src/TermalTransferSimulation.hpp src/TermalTransferSimulation.cpp src/main.cpp
#  Implicit rule search has not been done.
#  Implicit/static pattern stem: ''
#  File does not exist.
#  File has been updated.
#  Needs to be updated (-q is set).
# automatic
# @ := doc
# automatic
# * := 
# automatic
# < := src/TermalData.hpp
# automatic
# + := src/TermalData.hpp src/TermalTransferSimulation.hpp src/TermalTransferSimulation.cpp src/main.cpp
# automatic
# % := 
# automatic
# ^ := src/TermalData.hpp src/TermalTransferSimulation.hpp src/TermalTransferSimulation.cpp src/main.cpp
# automatic
# ? := src/TermalData.hpp src/TermalTransferSimulation.hpp src/TermalTransferSimulation.cpp src/main.cpp
# automatic
# | := 
# variable set hash-table stats:
# Load=8/32=25%, Rehash=0, Collisions=1/11=9%
#  recipe to execute (from 'Makefile', line 101):
	doxygen

run: bin/proy2_simulacion_de_transferencia_de_calor_concurrente
#  Phony target (prerequisite of .PHONY).
#  Implicit rule search has not been done.
#  File does not exist.
#  File has not been updated.
#  recipe to execute (from 'Makefile', line 115):
	$(EXEARGS)

help:
#  Implicit rule search has not been done.
#  Modification time never checked.
#  File has not been updated.
#  recipe to execute (from 'Makefile', line 135):
	@echo "Usage make [-jN] [VAR=value] [target]"
	@echo "  -jN       Compile N files simultaneously [N=1]"
	@echo "  VAR=value Overrides a variable, e.g CC=mpicc DEFS=-DGUI. See below"
	@echo "  all       Run targets: doc lint [memcheck helgrind] test"
	@echo "  asan      Build for detecting memory leaks and invalid accesses"
	@echo "  clean     Remove generated directories and files"
	@echo "  debug     Build an executable for debugging [default]"
	@echo "  doc       Generate documentation from sources with Doxygen"
	@echo "  gitignore Generate a .gitignore file"
	@echo "  helgrind  Run executable for detecting thread errors with Valgrind"
	@echo "  instdeps  Install needed packages on Debian-based distributions"
	@echo "  lint      Check code style conformance using Cpplint"
	@echo "  memcheck  Run executable for detecting memory errors with Valgrind"
	@echo "  msan      Build for detecting uninitialized memory usage"
	@echo "  release   Build an optimized executable"
	@echo "  run       Run executable using ARGS value as arguments"
	@echo "  test      Run executable against test cases in folder tests/"
	@echo "  tsan      Build for detecting thread errors, e.g race conditions"
	@echo "  ubsan     Build for detecting undefined behavior"
	@echo "Variables:"
	@echo "  CC: C compiler. XC: C++ compiler. C/XSTD: Force a C/C++ standard"
	@echo "  DEFS: preprocessor symbols. FLAG: compiler flags"
 
	@echo "  LIBS: libraries to be linked"
	@echo "  ARGS: execution arguments"

gitignore:
#  Phony target (prerequisite of .PHONY).
#  Implicit rule search has not been done.
#  File does not exist.
#  File has not been updated.
#  recipe to execute (from 'Makefile', line 124):
	echo $(IGNORES) | tr " " "\n" > .gitignore

memcheck: bin/proy2_simulacion_de_transferencia_de_calor_concurrente
#  Phony target (prerequisite of .PHONY).
#  Implicit rule search has not been done.
#  File does not exist.
#  File has not been updated.
#  recipe to execute (from 'Makefile', line 118):
	valgrind --tool=memcheck $(EXEARGS)

# Not a target:
build/main.d:
#  Implicit rule search has been done.
#  Last modified 2022-11-20 00:31:22.024784841
#  File has been updated.
#  Successfully updated.

test: bin/proy2_simulacion_de_transferencia_de_calor_concurrente
#  Phony target (prerequisite of .PHONY).
#  Implicit rule search has not been done.
#  File does not exist.
#  File has not been updated.

# Not a target:
src/TermalTransferSimulation.cpp:
#  Implicit rule search has been done.
#  Last modified 2022-11-20 00:32:27.217665278
#  File has been updated.
#  Successfully updated.

.SECONDEXPANSION:
#  Implicit rule search has not been done.
#  Modification time never checked.
#  File has not been updated.

# makefile (from 'Makefile', line 60)
asan: FLAGS += -fsanitize=address -fno-omit-frame-pointer
asan: debug
#  Implicit rule search has not been done.
#  Modification time never checked.
#  File has not been updated.
# variable set hash-table stats:
# Load=1/32=3%, Rehash=0, Collisions=0/3=0%

# makefile (from 'Makefile', line 58)
release: FLAGS += -O3 -DNDEBUG
release: bin/proy2_simulacion_de_transferencia_de_calor_concurrente
#  Implicit rule search has not been done.
#  Modification time never checked.
#  File has not been updated.
# variable set hash-table stats:
# Load=1/32=3%, Rehash=0, Collisions=0/3=0%

# Not a target:
.SUFFIXES:
#  Implicit rule search has not been done.
#  Modification time never checked.
#  File has not been updated.

build/main.o: src/main.cpp src/TermalTransferSimulation.hpp
#  Implicit rule search has not been done.
#  Modification time never checked.
#  File has not been updated.

.PHONY: test lint run memcheck helgrind gitignore clean instdeps
#  Implicit rule search has not been done.
#  Modification time never checked.
#  File has not been updated.

bin/proy2_simulacion_de_transferencia_de_calor_concurrente: build/TermalTransferSimulation.o build/main.o | bin/.
#  Implicit rule search has not been done.
#  Implicit/static pattern stem: ''
#  Modification time never checked.
#  File has not been updated.
# automatic
# @ := bin/proy2_simulacion_de_transferencia_de_calor_concurrente
# automatic
# * := 
# automatic
# < := 
# automatic
# + := 
# automatic
# % := 
# automatic
# ^ := 
# automatic
# ? := 
# automatic
# | := 
# variable set hash-table stats:
# Load=8/32=25%, Rehash=0, Collisions=1/11=9%
#  recipe to execute (from 'Makefile', line 76):
	$(LD) $(FLAGS) $(INCLUDE) $^ -o $@ $(LIBS)

# Not a target:
src/TermalData.hpp:
#  Implicit rule search has been done.
#  Last modified 2022-11-19 23:23:41.789640204
#  File has been updated.
#  Successfully updated.

# files hash-table stats:
# Load=36/1024=4%, Rehash=0, Collisions=9/115=8%
# VPATH Search Paths

# No 'vpath' search paths.

# No general ('VPATH' variable) search path.

# strcache buffers: 1 (0) / strings = 56 / storage = 657 B / avg = 11 B
# current buf: size = 8162 B / used = 657 B / count = 56 / avg = 11 B

# strcache performance: lookups = 142 / hit rate = 60%
# hash-table stats:
# Load=56/8192=1%, Rehash=0, Collisions=0/142=0%
# Finished Make data base on Sun Nov 20 12:25:33 2022

 
